<?xml version="1.0" encoding="UTF-8"?>
<!-- Generated by org.testng.reporters.JUnitXMLReporter -->
<testsuite ignored="1" hostname="LAPTOP-7QMHQHFJ" failures="0" tests="10" name="ChromeTest" time="13.473" errors="0" timestamp="2023-07-15T16:05:10 IST">
  <testcase classname="com.learnautomation.testcases.BaseTest" name="@BeforeClass setup" time="8.742">
    <failure type="org.openqa.selenium.NoSuchWindowException" message="no such window: target window already closed
from unknown error: web view not found
  (Session info: chrome=114.0.5735.199)
Build info: version: &amp;apos;4.10.0&amp;apos;, revision: &amp;apos;c14d967899&amp;apos;
System info: os.name: &amp;apos;Windows 10&amp;apos;, os.arch: &amp;apos;amd64&amp;apos;, os.version: &amp;apos;10.0&amp;apos;, java.version: &amp;apos;12.0.2&amp;apos;
Driver info: org.openqa.selenium.chrome.ChromeDriver
Command: [7bebb9c29ae5d2e69b5d15efd51714de, getTitle {}]
Capabilities {acceptInsecureCerts: false, browserName: chrome, browserVersion: 114.0.5735.199, chrome: {chromedriverVersion: 114.0.5735.16 (7e1ff058633f..., userDataDir: C:\Users\sumit\AppData\Loca...}, goog:chromeOptions: {debuggerAddress: localhost:64747}, networkConnectionEnabled: false, pageLoadStrategy: normal, platformName: windows, proxy: Proxy(), se:cdp: ws://localhost:64747/devtoo..., se:cdpVersion: 114.0.5735.199, setWindowRect: true, strictFileInteractability: false, timeouts: {implicit: 0, pageLoad: 300000, script: 30000}, unhandledPromptBehavior: dismiss and notify, webauthn:extension:credBlob: true, webauthn:extension:largeBlob: true, webauthn:extension:minPinLength: true, webauthn:extension:prf: true, webauthn:virtualAuthenticators: true}
Session ID: 7bebb9c29ae5d2e69b5d15efd51714de">
      <![CDATA[org.openqa.selenium.NoSuchWindowException: no such window: target window already closed
from unknown error: web view not found
  (Session info: chrome=114.0.5735.199)
Build info: version: '4.10.0', revision: 'c14d967899'
System info: os.name: 'Windows 10', os.arch: 'amd64', os.version: '10.0', java.version: '12.0.2'
Driver info: org.openqa.selenium.chrome.ChromeDriver
Command: [7bebb9c29ae5d2e69b5d15efd51714de, getTitle {}]
Capabilities {acceptInsecureCerts: false, browserName: chrome, browserVersion: 114.0.5735.199, chrome: {chromedriverVersion: 114.0.5735.16 (7e1ff058633f..., userDataDir: C:\Users\sumit\AppData\Loca...}, goog:chromeOptions: {debuggerAddress: localhost:64747}, networkConnectionEnabled: false, pageLoadStrategy: normal, platformName: windows, proxy: Proxy(), se:cdp: ws://localhost:64747/devtoo..., se:cdpVersion: 114.0.5735.199, setWindowRect: true, strictFileInteractability: false, timeouts: {implicit: 0, pageLoad: 300000, script: 30000}, unhandledPromptBehavior: dismiss and notify, webauthn:extension:credBlob: true, webauthn:extension:largeBlob: true, webauthn:extension:minPinLength: true, webauthn:extension:prf: true, webauthn:virtualAuthenticators: true}
Session ID: 7bebb9c29ae5d2e69b5d15efd51714de
at org.openqa.selenium.remote.codec.w3c.W3CHttpResponseCodec.createException(W3CHttpResponseCodec.java:199)
at org.openqa.selenium.remote.codec.w3c.W3CHttpResponseCodec.decode(W3CHttpResponseCodec.java:132)
at org.openqa.selenium.remote.codec.w3c.W3CHttpResponseCodec.decode(W3CHttpResponseCodec.java:51)
at org.openqa.selenium.remote.HttpCommandExecutor.execute(HttpCommandExecutor.java:191)
at org.openqa.selenium.remote.service.DriverCommandExecutor.invokeExecute(DriverCommandExecutor.java:196)
at org.openqa.selenium.remote.service.DriverCommandExecutor.execute(DriverCommandExecutor.java:171)
at org.openqa.selenium.remote.RemoteWebDriver.execute(RemoteWebDriver.java:531)
at org.openqa.selenium.remote.RemoteWebDriver.execute(RemoteWebDriver.java:590)
at org.openqa.selenium.remote.RemoteWebDriver.execute(RemoteWebDriver.java:594)
at org.openqa.selenium.remote.RemoteWebDriver.getTitle(RemoteWebDriver.java:300)
at com.learnautomation.testcases.BaseTest.setup(BaseTest.java:57)
at java.base/java.util.ArrayList.forEach(ArrayList.java:1540)
at java.base/java.util.concurrent.FutureTask.run(FutureTask.java:264)
at java.base/java.util.concurrent.ThreadPoolExecutor.runWorker(ThreadPoolExecutor.java:1128)
at java.base/java.util.concurrent.ThreadPoolExecutor$Worker.run(ThreadPoolExecutor.java:628)
at java.base/java.lang.Thread.run(Thread.java:835)
... Removed 20 stack frames]]>
    </failure>
  </testcase> <!-- @BeforeClass setup -->
  <testcase classname="com.learnautomation.testcases.BaseTest" name="@AfterMethod teardownMethod" time="0.0">
    <skipped/>
  </testcase> <!-- @AfterMethod teardownMethod -->
  <testcase classname="com.learnautomation.testcases.BaseTest" name="@AfterMethod teardownMethod" time="0.0">
    <skipped/>
  </testcase> <!-- @AfterMethod teardownMethod -->
  <testcase classname="com.learnautomation.testcases.BaseTest" name="@AfterMethod teardownMethod" time="0.0">
    <skipped/>
  </testcase> <!-- @AfterMethod teardownMethod -->
  <testcase classname="com.learnautomation.testcases.BaseTest" name="@AfterMethod teardownMethod" time="0.0">
    <skipped/>
  </testcase> <!-- @AfterMethod teardownMethod -->
  <testcase classname="com.learnautomation.testcases.BaseTest" name="@AfterMethod teardownMethod" time="0.0">
    <skipped/>
  </testcase> <!-- @AfterMethod teardownMethod -->
  <testcase classname="com.learnautomation.testcases.BaseTest" name="@AfterClass teardown" time="0.0">
    <skipped/>
  </testcase> <!-- @AfterClass teardown -->
  <testcase classname="com.learnautomation.testcases.BaseTest" name="@BeforeClass setup" time="9.901">
    <failure type="org.openqa.selenium.NoSuchWindowException" message="no such window: target window already closed
from unknown error: web view not found
  (Session info: MicrosoftEdge=114.0.1823.82)
Build info: version: &amp;apos;4.10.0&amp;apos;, revision: &amp;apos;c14d967899&amp;apos;
System info: os.name: &amp;apos;Windows 10&amp;apos;, os.arch: &amp;apos;amd64&amp;apos;, os.version: &amp;apos;10.0&amp;apos;, java.version: &amp;apos;12.0.2&amp;apos;
Driver info: org.openqa.selenium.edge.EdgeDriver
Command: [4bc1ed5c7fde27ff22ac4cc40f574686, getTitle {}]
Capabilities {acceptInsecureCerts: false, browserName: msedge, browserVersion: 114.0.1823.82, ms:edgeOptions: {debuggerAddress: localhost:64744}, msedge: {msedgedriverVersion: 114.0.1823.67 (3f1d7fbb324e..., userDataDir: C:\Users\sumit\AppData\Loca...}, networkConnectionEnabled: false, pageLoadStrategy: normal, platformName: windows, proxy: Proxy(), se:cdp: ws://localhost:64744/devtoo..., se:cdpVersion: 114.0.1823.82, setWindowRect: true, strictFileInteractability: false, timeouts: {implicit: 0, pageLoad: 300000, script: 30000}, unhandledPromptBehavior: dismiss and notify, webauthn:extension:credBlob: true, webauthn:extension:largeBlob: true, webauthn:extension:minPinLength: true, webauthn:extension:prf: true, webauthn:virtualAuthenticators: true}
Session ID: 4bc1ed5c7fde27ff22ac4cc40f574686">
      <![CDATA[org.openqa.selenium.NoSuchWindowException: no such window: target window already closed
from unknown error: web view not found
  (Session info: MicrosoftEdge=114.0.1823.82)
Build info: version: '4.10.0', revision: 'c14d967899'
System info: os.name: 'Windows 10', os.arch: 'amd64', os.version: '10.0', java.version: '12.0.2'
Driver info: org.openqa.selenium.edge.EdgeDriver
Command: [4bc1ed5c7fde27ff22ac4cc40f574686, getTitle {}]
Capabilities {acceptInsecureCerts: false, browserName: msedge, browserVersion: 114.0.1823.82, ms:edgeOptions: {debuggerAddress: localhost:64744}, msedge: {msedgedriverVersion: 114.0.1823.67 (3f1d7fbb324e..., userDataDir: C:\Users\sumit\AppData\Loca...}, networkConnectionEnabled: false, pageLoadStrategy: normal, platformName: windows, proxy: Proxy(), se:cdp: ws://localhost:64744/devtoo..., se:cdpVersion: 114.0.1823.82, setWindowRect: true, strictFileInteractability: false, timeouts: {implicit: 0, pageLoad: 300000, script: 30000}, unhandledPromptBehavior: dismiss and notify, webauthn:extension:credBlob: true, webauthn:extension:largeBlob: true, webauthn:extension:minPinLength: true, webauthn:extension:prf: true, webauthn:virtualAuthenticators: true}
Session ID: 4bc1ed5c7fde27ff22ac4cc40f574686
at org.openqa.selenium.remote.codec.w3c.W3CHttpResponseCodec.createException(W3CHttpResponseCodec.java:199)
at org.openqa.selenium.remote.codec.w3c.W3CHttpResponseCodec.decode(W3CHttpResponseCodec.java:132)
at org.openqa.selenium.remote.codec.w3c.W3CHttpResponseCodec.decode(W3CHttpResponseCodec.java:51)
at org.openqa.selenium.remote.HttpCommandExecutor.execute(HttpCommandExecutor.java:191)
at org.openqa.selenium.remote.service.DriverCommandExecutor.invokeExecute(DriverCommandExecutor.java:196)
at org.openqa.selenium.remote.service.DriverCommandExecutor.execute(DriverCommandExecutor.java:171)
at org.openqa.selenium.remote.RemoteWebDriver.execute(RemoteWebDriver.java:531)
at org.openqa.selenium.remote.RemoteWebDriver.execute(RemoteWebDriver.java:590)
at org.openqa.selenium.remote.RemoteWebDriver.execute(RemoteWebDriver.java:594)
at org.openqa.selenium.remote.RemoteWebDriver.getTitle(RemoteWebDriver.java:300)
at com.learnautomation.testcases.BaseTest.setup(BaseTest.java:57)
at java.base/java.util.ArrayList.forEach(ArrayList.java:1540)
at java.base/java.util.concurrent.FutureTask.run(FutureTask.java:264)
at java.base/java.util.concurrent.ThreadPoolExecutor.runWorker(ThreadPoolExecutor.java:1128)
at java.base/java.util.concurrent.ThreadPoolExecutor$Worker.run(ThreadPoolExecutor.java:628)
at java.base/java.lang.Thread.run(Thread.java:835)
... Removed 20 stack frames]]>
    </failure>
  </testcase> <!-- @BeforeClass setup -->
  <testcase classname="com.learnautomation.testcases.BaseTest" name="@AfterMethod teardownMethod" time="0.0">
    <skipped/>
  </testcase> <!-- @AfterMethod teardownMethod -->
  <testcase classname="com.learnautomation.testcases.BaseTest" name="@AfterMethod teardownMethod" time="0.0">
    <skipped/>
  </testcase> <!-- @AfterMethod teardownMethod -->
  <testcase classname="com.learnautomation.testcases.BaseTest" name="@AfterMethod teardownMethod" time="0.0">
    <skipped/>
  </testcase> <!-- @AfterMethod teardownMethod -->
  <testcase classname="com.learnautomation.testcases.BaseTest" name="@AfterMethod teardownMethod" time="0.0">
    <skipped/>
  </testcase> <!-- @AfterMethod teardownMethod -->
  <testcase classname="com.learnautomation.testcases.BaseTest" name="@AfterMethod teardownMethod" time="0.0">
    <skipped/>
  </testcase> <!-- @AfterMethod teardownMethod -->
  <testcase classname="com.learnautomation.testcases.BaseTest" name="@AfterClass teardown" time="0.0">
    <skipped/>
  </testcase> <!-- @AfterClass teardown -->
  <testcase classname="com.learnautomation.testcases.BaseTest" name="@BeforeClass setup" time="4.095">
    <failure type="org.openqa.selenium.NoSuchWindowException" message="no such window: target window already closed
from unknown error: web view not found
  (Session info: chrome=114.0.5735.199)
Build info: version: &amp;apos;4.10.0&amp;apos;, revision: &amp;apos;c14d967899&amp;apos;
System info: os.name: &amp;apos;Windows 10&amp;apos;, os.arch: &amp;apos;amd64&amp;apos;, os.version: &amp;apos;10.0&amp;apos;, java.version: &amp;apos;12.0.2&amp;apos;
Driver info: org.openqa.selenium.chrome.ChromeDriver
Command: [efd3b8413de378d64ed1eae7eb110a22, getTitle {}]
Capabilities {acceptInsecureCerts: false, browserName: chrome, browserVersion: 114.0.5735.199, chrome: {chromedriverVersion: 114.0.5735.16 (7e1ff058633f..., userDataDir: C:\Users\sumit\AppData\Loca...}, goog:chromeOptions: {debuggerAddress: localhost:64828}, networkConnectionEnabled: false, pageLoadStrategy: normal, platformName: windows, proxy: Proxy(), se:cdp: ws://localhost:64828/devtoo..., se:cdpVersion: 114.0.5735.199, setWindowRect: true, strictFileInteractability: false, timeouts: {implicit: 0, pageLoad: 300000, script: 30000}, unhandledPromptBehavior: dismiss and notify, webauthn:extension:credBlob: true, webauthn:extension:largeBlob: true, webauthn:extension:minPinLength: true, webauthn:extension:prf: true, webauthn:virtualAuthenticators: true}
Session ID: efd3b8413de378d64ed1eae7eb110a22">
      <![CDATA[org.openqa.selenium.NoSuchWindowException: no such window: target window already closed
from unknown error: web view not found
  (Session info: chrome=114.0.5735.199)
Build info: version: '4.10.0', revision: 'c14d967899'
System info: os.name: 'Windows 10', os.arch: 'amd64', os.version: '10.0', java.version: '12.0.2'
Driver info: org.openqa.selenium.chrome.ChromeDriver
Command: [efd3b8413de378d64ed1eae7eb110a22, getTitle {}]
Capabilities {acceptInsecureCerts: false, browserName: chrome, browserVersion: 114.0.5735.199, chrome: {chromedriverVersion: 114.0.5735.16 (7e1ff058633f..., userDataDir: C:\Users\sumit\AppData\Loca...}, goog:chromeOptions: {debuggerAddress: localhost:64828}, networkConnectionEnabled: false, pageLoadStrategy: normal, platformName: windows, proxy: Proxy(), se:cdp: ws://localhost:64828/devtoo..., se:cdpVersion: 114.0.5735.199, setWindowRect: true, strictFileInteractability: false, timeouts: {implicit: 0, pageLoad: 300000, script: 30000}, unhandledPromptBehavior: dismiss and notify, webauthn:extension:credBlob: true, webauthn:extension:largeBlob: true, webauthn:extension:minPinLength: true, webauthn:extension:prf: true, webauthn:virtualAuthenticators: true}
Session ID: efd3b8413de378d64ed1eae7eb110a22
at org.openqa.selenium.remote.codec.w3c.W3CHttpResponseCodec.createException(W3CHttpResponseCodec.java:199)
at org.openqa.selenium.remote.codec.w3c.W3CHttpResponseCodec.decode(W3CHttpResponseCodec.java:132)
at org.openqa.selenium.remote.codec.w3c.W3CHttpResponseCodec.decode(W3CHttpResponseCodec.java:51)
at org.openqa.selenium.remote.HttpCommandExecutor.execute(HttpCommandExecutor.java:191)
at org.openqa.selenium.remote.service.DriverCommandExecutor.invokeExecute(DriverCommandExecutor.java:196)
at org.openqa.selenium.remote.service.DriverCommandExecutor.execute(DriverCommandExecutor.java:171)
at org.openqa.selenium.remote.RemoteWebDriver.execute(RemoteWebDriver.java:531)
at org.openqa.selenium.remote.RemoteWebDriver.execute(RemoteWebDriver.java:590)
at org.openqa.selenium.remote.RemoteWebDriver.execute(RemoteWebDriver.java:594)
at org.openqa.selenium.remote.RemoteWebDriver.getTitle(RemoteWebDriver.java:300)
at com.learnautomation.testcases.BaseTest.setup(BaseTest.java:57)
at java.base/java.util.ArrayList.forEach(ArrayList.java:1540)
at java.base/java.util.concurrent.FutureTask.run(FutureTask.java:264)
at java.base/java.util.concurrent.ThreadPoolExecutor.runWorker(ThreadPoolExecutor.java:1128)
at java.base/java.util.concurrent.ThreadPoolExecutor$Worker.run(ThreadPoolExecutor.java:628)
at java.base/java.lang.Thread.run(Thread.java:835)
... Removed 20 stack frames]]>
    </failure>
  </testcase> <!-- @BeforeClass setup -->
  <testcase classname="com.learnautomation.testcases.BaseTest" name="@AfterMethod teardownMethod" time="0.0">
    <skipped/>
  </testcase> <!-- @AfterMethod teardownMethod -->
  <testcase classname="com.learnautomation.testcases.BaseTest" name="@AfterMethod teardownMethod" time="0.0">
    <skipped/>
  </testcase> <!-- @AfterMethod teardownMethod -->
  <testcase classname="com.learnautomation.testcases.BaseTest" name="@AfterMethod teardownMethod" time="0.0">
    <skipped/>
  </testcase> <!-- @AfterMethod teardownMethod -->
  <testcase classname="com.learnautomation.testcases.BaseTest" name="@AfterMethod teardownMethod" time="0.0">
    <skipped/>
  </testcase> <!-- @AfterMethod teardownMethod -->
  <testcase classname="com.learnautomation.testcases.BaseTest" name="@AfterMethod teardownMethod" time="0.0">
    <skipped/>
  </testcase> <!-- @AfterMethod teardownMethod -->
  <testcase classname="com.learnautomation.testcases.BaseTest" name="@AfterClass teardown" time="0.0">
    <skipped/>
  </testcase> <!-- @AfterClass teardown -->
  <testcase classname="com.learnautomation.testcases.FirstPageTestCases" name="TestCase1" time="0.001">
    <skipped/>
  </testcase> <!-- TestCase1 -->
  <testcase classname="com.learnautomation.testcases.FirstPageTestCases" name="TestCase2" time="0.0">
    <skipped/>
  </testcase> <!-- TestCase2 -->
  <testcase classname="com.learnautomation.testcases.FirstPageTestCases" name="TestCase3" time="0.0">
    <skipped/>
  </testcase> <!-- TestCase3 -->
  <testcase classname="com.learnautomation.testcases.FirstPageTestCases" name="TestCase4" time="0.001">
    <skipped/>
  </testcase> <!-- TestCase4 -->
  <testcase classname="com.learnautomation.testcases.FirstPageTestCases" name="TestCase5" time="0.001">
    <skipped/>
  </testcase> <!-- TestCase5 -->
  <testcase classname="com.learnautomation.testcases.SecondPageTestCases" name="TestCase1" time="0.001">
    <skipped/>
  </testcase> <!-- TestCase1 -->
  <testcase classname="com.learnautomation.testcases.SecondPageTestCases" name="TestCase2" time="0.0">
    <skipped/>
  </testcase> <!-- TestCase2 -->
  <testcase classname="com.learnautomation.testcases.SecondPageTestCases" name="TestCase3" time="0.0">
    <skipped/>
  </testcase> <!-- TestCase3 -->
  <testcase classname="com.learnautomation.testcases.SecondPageTestCases" name="TestCase4" time="0.0">
    <skipped/>
  </testcase> <!-- TestCase4 -->
  <testcase classname="com.learnautomation.testcases.SecondPageTestCases" name="TestCase5" time="0.0">
    <skipped/>
  </testcase> <!-- TestCase5 -->
  <testcase classname="com.learnautomation.testcases.BaseTest" name="@BeforeSuite testsetup" time="0.0">
    <ignored/>
  </testcase> <!-- @BeforeSuite testsetup -->
</testsuite> <!-- ChromeTest -->
